{
  "stats": {
    "suites": 1,
    "tests": 1,
    "passes": 1,
    "pending": 0,
    "failures": 0,
    "start": "2022-05-26T09:06:23.044Z",
    "end": "2022-05-26T09:06:36.081Z",
    "duration": 13037,
    "testsRegistered": 1,
    "passPercent": 100,
    "pendingPercent": 0,
    "other": 0,
    "hasOther": false,
    "skipped": 0,
    "hasSkipped": false
  },
  "results": [
    {
      "uuid": "ec880b37-5bce-4ba8-98ca-8f9f3b28ce89",
      "title": "",
      "fullFile": "cypress/integration/UI/testcases/applaunchtestcases.js",
      "file": "cypress/integration/UI/testcases/applaunchtestcases.js",
      "beforeHooks": [],
      "afterHooks": [],
      "tests": [],
      "suites": [
        {
          "uuid": "93599cc0-bcd7-4fb6-9514-2fa434836b39",
          "title": "Sanity Suite",
          "fullFile": "",
          "file": "",
          "beforeHooks": [],
          "afterHooks": [],
          "tests": [
            {
              "title": "Verify logo on launch",
              "fullTitle": "Sanity Suite Verify logo on launch",
              "timedOut": null,
              "duration": 9760,
              "state": "passed",
              "speed": "medium",
              "pass": true,
              "fail": false,
              "pending": false,
              "context": null,
              "code": "home.getLaunchLogo().should('be.visible');",
              "err": {},
              "uuid": "1eff663c-bd1d-4d49-a4b5-216b1c7cff00",
              "parentUUID": "93599cc0-bcd7-4fb6-9514-2fa434836b39",
              "isHook": false,
              "skipped": false
            }
          ],
          "suites": [],
          "passes": [
            "1eff663c-bd1d-4d49-a4b5-216b1c7cff00"
          ],
          "failures": [],
          "pending": [],
          "skipped": [],
          "duration": 9760,
          "root": false,
          "rootEmpty": false,
          "_timeout": 2000
        }
      ],
      "passes": [],
      "failures": [],
      "pending": [],
      "skipped": [],
      "duration": 0,
      "root": true,
      "rootEmpty": true,
      "_timeout": 2000
    }
  ],
  "meta": {
    "mocha": {
      "version": "7.0.1"
    },
    "mochawesome": {
      "options": {
        "quiet": false,
        "reportFilename": "mochawesome",
        "saveHtml": true,
        "saveJson": true,
        "consoleReporter": "spec",
        "useInlineDiffs": false,
        "code": true
      },
      "version": "7.1.3"
    },
    "marge": {
      "options": null,
      "version": "6.2.0"
    }
  }
}