{
  "stats": {
    "suites": 1,
    "tests": 0,
    "passes": 0,
    "pending": 0,
    "failures": 0,
    "start": "2022-05-27T06:38:01.107Z",
    "end": "2022-05-27T06:38:02.817Z",
    "duration": 1710,
    "testsRegistered": 1,
    "passPercent": 0,
    "pendingPercent": 0,
    "other": 0,
    "hasOther": false,
    "skipped": 0,
    "hasSkipped": false
  },
  "results": [
    {
      "uuid": "6e138346-de96-4017-821b-22c11e95c1ac",
      "title": "",
      "fullFile": "cypress/integration/UI/testcases/logintestcase.js",
      "file": "cypress/integration/UI/testcases/logintestcase.js",
      "beforeHooks": [],
      "afterHooks": [],
      "tests": [],
      "suites": [
        {
          "uuid": "7329d00f-6f23-4771-96dd-4ad9a5aa6551",
          "title": "Sanity Suite",
          "fullFile": "",
          "file": "",
          "beforeHooks": [],
          "afterHooks": [],
          "tests": [
            {
              "title": "Signin to App",
              "fullTitle": "Sanity Suite Signin to App",
              "timedOut": null,
              "duration": 924,
              "state": "failed",
              "speed": null,
              "pass": false,
              "fail": true,
              "pending": false,
              "context": null,
              "code": "cy.login(this.usercreds.user, this.usercreds.pass);",
              "err": {},
              "uuid": "ad67f47b-7605-4704-a747-61b8059eddba",
              "parentUUID": "7329d00f-6f23-4771-96dd-4ad9a5aa6551",
              "isHook": false,
              "skipped": false
            }
          ],
          "suites": [],
          "passes": [],
          "failures": [
            "ad67f47b-7605-4704-a747-61b8059eddba"
          ],
          "pending": [],
          "skipped": [],
          "duration": 924,
          "root": false,
          "rootEmpty": false,
          "_timeout": 2000
        }
      ],
      "passes": [],
      "failures": [],
      "pending": [],
      "skipped": [],
      "duration": 0,
      "root": true,
      "rootEmpty": true,
      "_timeout": 2000
    }
  ],
  "meta": {
    "mocha": {
      "version": "7.0.1"
    },
    "mochawesome": {
      "options": {
        "quiet": false,
        "reportFilename": "mochawesome",
        "saveHtml": true,
        "saveJson": true,
        "consoleReporter": "spec",
        "useInlineDiffs": false,
        "code": true
      },
      "version": "7.1.3"
    },
    "marge": {
      "options": null,
      "version": "6.2.0"
    }
  }
}